<?xml version="1.0" encoding="UTF-8"?>
<testsuite xmlns:xsi="http://www.w3.org/2001/XMLSchema-instance" xsi:noNamespaceSchemaLocation="https://maven.apache.org/surefire/maven-surefire-plugin/xsd/surefire-test-report-3.0.xsd" version="3.0" name="com.trybe.java.regraprogressao.AppTest" time="0.537" tests="5" errors="4" skipped="0" failures="0">
  <properties>
    <property name="java.specification.version" value="17"/>
    <property name="sun.jnu.encoding" value="UTF-8"/>
    <property name="java.class.path" value="/home/yago/Trybe/Trybe-Projetos/Java/java-031-java-projeto-regra-progressao/target/test-classes:/home/yago/Trybe/Trybe-Projetos/Java/java-031-java-projeto-regra-progressao/target/classes:/home/yago/.m2/repository/org/junit/jupiter/junit-jupiter/5.4.2/junit-jupiter-5.4.2.jar:/home/yago/.m2/repository/org/junit/jupiter/junit-jupiter-params/5.4.2/junit-jupiter-params-5.4.2.jar:/home/yago/.m2/repository/org/junit/jupiter/junit-jupiter-api/5.4.2/junit-jupiter-api-5.4.2.jar:/home/yago/.m2/repository/org/apiguardian/apiguardian-api/1.0.0/apiguardian-api-1.0.0.jar:/home/yago/.m2/repository/org/opentest4j/opentest4j/1.1.1/opentest4j-1.1.1.jar:/home/yago/.m2/repository/org/junit/platform/junit-platform-commons/1.4.2/junit-platform-commons-1.4.2.jar:/home/yago/.m2/repository/org/junit/jupiter/junit-jupiter-engine/5.4.2/junit-jupiter-engine-5.4.2.jar:/home/yago/.m2/repository/org/junit/platform/junit-platform-engine/1.4.2/junit-platform-engine-1.4.2.jar:"/>
    <property name="java.vm.vendor" value="Private Build"/>
    <property name="sun.arch.data.model" value="64"/>
    <property name="java.vendor.url" value="Unknown"/>
    <property name="os.name" value="Linux"/>
    <property name="java.vm.specification.version" value="17"/>
    <property name="sun.java.launcher" value="SUN_STANDARD"/>
    <property name="user.country" value="BR"/>
    <property name="sun.boot.library.path" value="/usr/lib/jvm/java-17-openjdk-amd64/lib"/>
    <property name="sun.java.command" value="/home/yago/Trybe/Trybe-Projetos/Java/java-031-java-projeto-regra-progressao/target/surefire/surefirebooter12954469894303227193.jar /home/yago/Trybe/Trybe-Projetos/Java/java-031-java-projeto-regra-progressao/target/surefire 2024-01-24T10-32-54_922-jvmRun1 surefire2132077431454307033tmp surefire_0343873615294207837tmp"/>
    <property name="jdk.debug" value="release"/>
    <property name="surefire.test.class.path" value="/home/yago/Trybe/Trybe-Projetos/Java/java-031-java-projeto-regra-progressao/target/test-classes:/home/yago/Trybe/Trybe-Projetos/Java/java-031-java-projeto-regra-progressao/target/classes:/home/yago/.m2/repository/org/junit/jupiter/junit-jupiter/5.4.2/junit-jupiter-5.4.2.jar:/home/yago/.m2/repository/org/junit/jupiter/junit-jupiter-params/5.4.2/junit-jupiter-params-5.4.2.jar:/home/yago/.m2/repository/org/junit/jupiter/junit-jupiter-api/5.4.2/junit-jupiter-api-5.4.2.jar:/home/yago/.m2/repository/org/apiguardian/apiguardian-api/1.0.0/apiguardian-api-1.0.0.jar:/home/yago/.m2/repository/org/opentest4j/opentest4j/1.1.1/opentest4j-1.1.1.jar:/home/yago/.m2/repository/org/junit/platform/junit-platform-commons/1.4.2/junit-platform-commons-1.4.2.jar:/home/yago/.m2/repository/org/junit/jupiter/junit-jupiter-engine/5.4.2/junit-jupiter-engine-5.4.2.jar:/home/yago/.m2/repository/org/junit/platform/junit-platform-engine/1.4.2/junit-platform-engine-1.4.2.jar:"/>
    <property name="sun.cpu.endian" value="little"/>
    <property name="user.home" value="/home/yago"/>
    <property name="user.language" value="pt"/>
    <property name="java.specification.vendor" value="Oracle Corporation"/>
    <property name="java.version.date" value="2023-10-17"/>
    <property name="java.home" value="/usr/lib/jvm/java-17-openjdk-amd64"/>
    <property name="file.separator" value="/"/>
    <property name="basedir" value="/home/yago/Trybe/Trybe-Projetos/Java/java-031-java-projeto-regra-progressao"/>
    <property name="java.vm.compressedOopsMode" value="Zero based"/>
    <property name="line.separator" value="&#10;"/>
    <property name="java.vm.specification.vendor" value="Oracle Corporation"/>
    <property name="java.specification.name" value="Java Platform API Specification"/>
    <property name="surefire.real.class.path" value="/home/yago/Trybe/Trybe-Projetos/Java/java-031-java-projeto-regra-progressao/target/surefire/surefirebooter12954469894303227193.jar"/>
    <property name="sun.management.compiler" value="HotSpot 64-Bit Tiered Compilers"/>
    <property name="java.runtime.version" value="17.0.9+9-Ubuntu-122.04"/>
    <property name="user.name" value="yago"/>
    <property name="path.separator" value=":"/>
    <property name="os.version" value="6.5.0-14-generic"/>
    <property name="java.runtime.name" value="OpenJDK Runtime Environment"/>
    <property name="file.encoding" value="UTF-8"/>
    <property name="java.vm.name" value="OpenJDK 64-Bit Server VM"/>
    <property name="localRepository" value="/home/yago/.m2/repository"/>
    <property name="java.vendor.url.bug" value="Unknown"/>
    <property name="java.io.tmpdir" value="/tmp"/>
    <property name="java.version" value="17.0.9"/>
    <property name="user.dir" value="/home/yago/Trybe/Trybe-Projetos/Java/java-031-java-projeto-regra-progressao"/>
    <property name="os.arch" value="amd64"/>
    <property name="java.vm.specification.name" value="Java Virtual Machine Specification"/>
    <property name="native.encoding" value="UTF-8"/>
    <property name="java.library.path" value="/usr/java/packages/lib:/usr/lib/x86_64-linux-gnu/jni:/lib/x86_64-linux-gnu:/usr/lib/x86_64-linux-gnu:/usr/lib/jni:/lib:/usr/lib"/>
    <property name="java.vm.info" value="mixed mode, sharing"/>
    <property name="java.vendor" value="Private Build"/>
    <property name="java.vm.version" value="17.0.9+9-Ubuntu-122.04"/>
    <property name="sun.io.unicode.encoding" value="UnicodeLittle"/>
    <property name="java.class.version" value="61.0"/>
  </properties>
  <testcase name="1 - Cadastra as atividades avaliativas com sucesso." classname="com.trybe.java.regraprogressao.AppTest" time="0.52"/>
  <testcase name="2 - Insere as notas com sucesso." classname="com.trybe.java.regraprogressao.AppTest" time="0.002">
    <error type="java.util.InputMismatchException"><![CDATA[java.util.InputMismatchException
	at com.trybe.java.regraprogressao.AppTest.testInsereNotas(AppTest.java:144)
]]></error>
  </testcase>
  <testcase name="4.2 - Emite o resultado correto quando há reprovação." classname="com.trybe.java.regraprogressao.AppTest" time="0.002">
    <error type="java.util.InputMismatchException"><![CDATA[java.util.InputMismatchException
	at com.trybe.java.regraprogressao.AppTest.testEmiteResultadoReprovado(AppTest.java:261)
]]></error>
  </testcase>
  <testcase name="3 - Verifica a soma dos pesos." classname="com.trybe.java.regraprogressao.AppTest" time="0.001">
    <error type="java.util.InputMismatchException"><![CDATA[java.util.InputMismatchException
	at com.trybe.java.regraprogressao.AppTest.testSomaPesos(AppTest.java:186)
]]></error>
  </testcase>
  <testcase name="4.1 - Emite o resultado correto quando há aprovação." classname="com.trybe.java.regraprogressao.AppTest" time="0.001">
    <error type="java.util.InputMismatchException"><![CDATA[java.util.InputMismatchException
	at com.trybe.java.regraprogressao.AppTest.testEmiteResultadoAprovado(AppTest.java:222)
]]></error>
  </testcase>
</testsuite>